
> nx run dock-ui:build-storybook --outputDir=dist/storybook/dock-ui --outputDir=C:\\Users\\Niico\\AppData\\Local\\Temp\\chromatic--20160-AKrz03CU4pw4


>  NX  ui framework: @storybook/react


>  NX  Storybook builder starting ...

info => Cleaning outputDir: C:\Users\Niico\Documents\development\monorepos\holospace\dist\storybook\dock-ui
info => Loading presets
info => Compiling manager..
info => Compiling preview..
info => Loading Nrwl React Storybook preset from "@nrwl/react/plugins/storybook"
info => Using default Webpack5 setup
info => Manager built (21 s)
info => Preview built (26 s)
WARN asset size limit: The following asset(s) exceed the recommended size limit (244 KiB).
WARN This can impact web performance.
WARN Assets: 
WARN   464.92319837.iframe.bundle.js (2.24 MiB)
WARN entrypoint size limit: The following entrypoint(s) combined asset size exceeds the recommended limit (244 KiB). This can impact web performance.
WARN Entrypoints:
WARN   main (2.29 MiB)
WARN       runtime~main.89c6c88a.iframe.bundle.js
WARN       464.92319837.iframe.bundle.js
WARN       main.css
WARN       main.52ede2d8.iframe.bundle.js
WARN 
info => Output directory: C:\Users\Niico\Documents\development\monorepos\holospace\dist\storybook\dock-ui

>  NX  Storybook builder finished ...


>  NX  Storybook files available in dist/storybook/dock-ui


 

 >  NX   Successfully ran target build-storybook for project dock-ui


